<?xml version="1.0" encoding="UTF-8"?>
<testng-results ignored="0" total="4" passed="4" failed="0" skipped="0">
  <reporter-output>
  </reporter-output>
  <suite started-at="2025-10-04T11:44:25 EEST" name="Test" finished-at="2025-10-04T11:44:40 EEST" duration-ms="15327">
    <groups>
    </groups>
    <test started-at="2025-10-04T11:44:25 EEST" name="Test On Chrome" finished-at="2025-10-04T11:44:32 EEST" duration-ms="6763">
      <class name="Main">
        <test-method is-config="true" signature="beforeMethod(java.lang.String)[pri:0, instance:Main@43ee72e6]" started-at="2025-10-04T11:44:25 EEST" name="beforeMethod" finished-at="2025-10-04T11:44:28 EEST" duration-ms="3066" status="PASS">
          <params>
            <param index="0">
              <value>
                <![CDATA[Chrome]]>
              </value>
            </param>
          </params>
          <reporter-output>
          </reporter-output>
        </test-method> <!-- beforeMethod -->
        <test-method signature="testcase1()[pri:0, instance:Main@43ee72e6]" started-at="2025-10-04T11:44:28 EEST" name="testcase1" finished-at="2025-10-04T11:44:28 EEST" duration-ms="72" status="PASS">
          <reporter-output>
          </reporter-output>
        </test-method> <!-- testcase1 -->
        <test-method is-config="true" signature="afterMethod()[pri:0, instance:Main@43ee72e6]" started-at="2025-10-04T11:44:28 EEST" name="afterMethod" finished-at="2025-10-04T11:44:28 EEST" duration-ms="120" status="PASS">
          <reporter-output>
          </reporter-output>
        </test-method> <!-- afterMethod -->
        <test-method is-config="true" signature="beforeMethod(java.lang.String)[pri:0, instance:Main@43ee72e6]" started-at="2025-10-04T11:44:28 EEST" name="beforeMethod" finished-at="2025-10-04T11:44:30 EEST" duration-ms="1923" status="PASS">
          <params>
            <param index="0">
              <value>
                <![CDATA[Chrome]]>
              </value>
            </param>
          </params>
          <reporter-output>
          </reporter-output>
        </test-method> <!-- beforeMethod -->
        <test-method signature="testcase2()[pri:0, instance:Main@43ee72e6]" started-at="2025-10-04T11:44:30 EEST" name="testcase2" finished-at="2025-10-04T11:44:31 EEST" duration-ms="1284" status="PASS">
          <reporter-output>
          </reporter-output>
        </test-method> <!-- testcase2 -->
        <test-method is-config="true" signature="afterMethod()[pri:0, instance:Main@43ee72e6]" started-at="2025-10-04T11:44:31 EEST" name="afterMethod" finished-at="2025-10-04T11:44:32 EEST" duration-ms="249" status="PASS">
          <reporter-output>
          </reporter-output>
        </test-method> <!-- afterMethod -->
      </class> <!-- Main -->
    </test> <!-- Test On Chrome -->
    <test started-at="2025-10-04T11:44:25 EEST" name="Test On Firefox" finished-at="2025-10-04T11:44:40 EEST" duration-ms="15327">
      <class name="Main">
        <test-method is-config="true" signature="beforeMethod(java.lang.String)[pri:0, instance:Main@6f96c77]" started-at="2025-10-04T11:44:25 EEST" name="beforeMethod" finished-at="2025-10-04T11:44:32 EEST" duration-ms="7018" status="PASS">
          <params>
            <param index="0">
              <value>
                <![CDATA[Firefox]]>
              </value>
            </param>
          </params>
          <reporter-output>
          </reporter-output>
        </test-method> <!-- beforeMethod -->
        <test-method signature="testcase1()[pri:0, instance:Main@6f96c77]" started-at="2025-10-04T11:44:32 EEST" name="testcase1" finished-at="2025-10-04T11:44:32 EEST" duration-ms="28" status="PASS">
          <reporter-output>
          </reporter-output>
        </test-method> <!-- testcase1 -->
        <test-method is-config="true" signature="afterMethod()[pri:0, instance:Main@6f96c77]" started-at="2025-10-04T11:44:32 EEST" name="afterMethod" finished-at="2025-10-04T11:44:33 EEST" duration-ms="1156" status="PASS">
          <reporter-output>
          </reporter-output>
        </test-method> <!-- afterMethod -->
        <test-method is-config="true" signature="beforeMethod(java.lang.String)[pri:0, instance:Main@6f96c77]" started-at="2025-10-04T11:44:33 EEST" name="beforeMethod" finished-at="2025-10-04T11:44:38 EEST" duration-ms="5355" status="PASS">
          <params>
            <param index="0">
              <value>
                <![CDATA[Firefox]]>
              </value>
            </param>
          </params>
          <reporter-output>
          </reporter-output>
        </test-method> <!-- beforeMethod -->
        <test-method signature="testcase2()[pri:0, instance:Main@6f96c77]" started-at="2025-10-04T11:44:38 EEST" name="testcase2" finished-at="2025-10-04T11:44:39 EEST" duration-ms="812" status="PASS">
          <reporter-output>
          </reporter-output>
        </test-method> <!-- testcase2 -->
        <test-method is-config="true" signature="afterMethod()[pri:0, instance:Main@6f96c77]" started-at="2025-10-04T11:44:39 EEST" name="afterMethod" finished-at="2025-10-04T11:44:40 EEST" duration-ms="916" status="PASS">
          <reporter-output>
          </reporter-output>
        </test-method> <!-- afterMethod -->
      </class> <!-- Main -->
    </test> <!-- Test On Firefox -->
  </suite> <!-- Test -->
</testng-results>
